<?xml version="1.0" encoding="UTF-8"?>
<!-- Generated by org.testng.reporters.JUnitXMLReporter -->
<testsuite ignored="0" hostname="LAPTOP-84JL8GC5" failures="0" tests="20" name="Default test" time="60.437" errors="0" timestamp="2022-01-31T20:48:50 IST">
  <testcase classname="com.bridgelabz.test.BookSwagonTestForPositiveScenario" name="validCredentials" time="4.56"/>
  <testcase classname="com.bridgelabz.test.BookSwagonTestForPositiveScenario" name="verifyLogo" time="0.106"/>
  <testcase classname="com.bridgelabz.test.BookSwagonTestForPositiveScenario" name="personalSettingPage" time="2.556"/>
  <testcase classname="com.bridgelabz.test.BookSwagonTestForPositiveScenario" name="myOrdersPage" time="0.787"/>
  <testcase classname="com.bridgelabz.test.BookSwagonTestForPositiveScenario" name="myWishListPage" time="2.257"/>
  <testcase classname="com.bridgelabz.test.BookSwagonTestForPositiveScenario" name="myAddressesPage" time="0.976"/>
  <testcase classname="com.bridgelabz.test.BookSwagonTestForPositiveScenario" name="addNewAddressBTN" time="2.924"/>
  <testcase classname="com.bridgelabz.test.BookSwagonTestForPositiveScenario" name="verifyChangePassword" time="2.879"/>
  <testcase classname="com.bridgelabz.test.BookSwagonTestForPositiveScenario" name="newArrivalPage" time="4.635"/>
  <testcase classname="com.bridgelabz.test.BookSwagonTestForPositiveScenario" name="preOrderPage" time="3.039"/>
  <testcase classname="com.bridgelabz.test.BookSwagonTestForPositiveScenario" name="textBookPage" time="2.874"/>
  <testcase classname="com.bridgelabz.test.BookSwagonTestForPositiveScenario" name="awardWinnerPage" time="3.781"/>
  <testcase classname="com.bridgelabz.test.BookSwagonTestForPositiveScenario" name="featuredAuthorsPage" time="3.301"/>
  <testcase classname="com.bridgelabz.test.BookSwagonTestForPositiveScenario" name="bestSellerPage" time="4.386"/>
  <testcase classname="com.bridgelabz.test.BookSwagonTestForPositiveScenario" name="searchListofBooks" time="5.432"/>
  <testcase classname="com.bridgelabz.test.BookSwagonTestForPositiveScenario" name="toSearchBook" time="1.532"/>
  <testcase classname="com.bridgelabz.test.BookSwagonTestForPositiveScenario" name="addItemToCart" time="2.758"/>
  <testcase classname="com.bridgelabz.test.BookSwagonTestForPositiveScenario" name="removeItemFromCart" time="4.003"/>
  <testcase classname="com.bridgelabz.test.BookSwagonTestForPositiveScenario" name="placeOrder" time="0.661"/>
  <testcase classname="com.bridgelabz.test.BookSwagonTestForPositiveScenario" name="logoutAction" time="2.845"/>
</testsuite> <!-- Default test -->
