<?xml version="1.0" encoding="UTF-8"?>
<testng-results ignored="0" total="20" passed="20" failed="0" skipped="0">
  <reporter-output>
  </reporter-output>
  <suite started-at="2022-01-31T20:47:50 IST" name="Default suite" finished-at="2022-01-31T20:48:50 IST" duration-ms="60437">
    <groups>
    </groups>
    <test started-at="2022-01-31T20:47:50 IST" name="Default test" finished-at="2022-01-31T20:48:50 IST" duration-ms="60437">
      <class name="com.bridgelabz.test.BookSwagonTestForPositiveScenario">
        <test-method is-config="true" signature="testSetup()[pri:0, instance:com.bridgelabz.test.BookSwagonTestForPositiveScenario@25641d39]" started-at="2022-01-31T20:47:50 IST" name="testSetup" finished-at="2022-01-31T20:47:53 IST" duration-ms="3646" status="PASS">
          <reporter-output>
          </reporter-output>
        </test-method> <!-- testSetup -->
        <test-method signature="validCredentials()[pri:0, instance:com.bridgelabz.test.BookSwagonTestForPositiveScenario@25641d39]" started-at="2022-01-31T20:47:53 IST" name="validCredentials" finished-at="2022-01-31T20:47:58 IST" duration-ms="4560" status="PASS">
          <reporter-output>
          </reporter-output>
        </test-method> <!-- validCredentials -->
        <test-method signature="verifyLogo()[pri:1, instance:com.bridgelabz.test.BookSwagonTestForPositiveScenario@25641d39]" started-at="2022-01-31T20:47:58 IST" name="verifyLogo" finished-at="2022-01-31T20:47:58 IST" duration-ms="106" status="PASS">
          <reporter-output>
          </reporter-output>
        </test-method> <!-- verifyLogo -->
        <test-method signature="personalSettingPage()[pri:2, instance:com.bridgelabz.test.BookSwagonTestForPositiveScenario@25641d39]" started-at="2022-01-31T20:47:58 IST" name="personalSettingPage" finished-at="2022-01-31T20:48:00 IST" duration-ms="2556" status="PASS">
          <reporter-output>
          </reporter-output>
        </test-method> <!-- personalSettingPage -->
        <test-method signature="myOrdersPage()[pri:3, instance:com.bridgelabz.test.BookSwagonTestForPositiveScenario@25641d39]" started-at="2022-01-31T20:48:00 IST" name="myOrdersPage" finished-at="2022-01-31T20:48:01 IST" duration-ms="787" status="PASS">
          <reporter-output>
          </reporter-output>
        </test-method> <!-- myOrdersPage -->
        <test-method signature="myWishListPage()[pri:4, instance:com.bridgelabz.test.BookSwagonTestForPositiveScenario@25641d39]" started-at="2022-01-31T20:48:01 IST" name="myWishListPage" finished-at="2022-01-31T20:48:04 IST" duration-ms="2257" status="PASS">
          <reporter-output>
          </reporter-output>
        </test-method> <!-- myWishListPage -->
        <test-method signature="myAddressesPage()[pri:5, instance:com.bridgelabz.test.BookSwagonTestForPositiveScenario@25641d39]" started-at="2022-01-31T20:48:04 IST" name="myAddressesPage" finished-at="2022-01-31T20:48:05 IST" duration-ms="976" status="PASS">
          <reporter-output>
          </reporter-output>
        </test-method> <!-- myAddressesPage -->
        <test-method signature="addNewAddressBTN()[pri:6, instance:com.bridgelabz.test.BookSwagonTestForPositiveScenario@25641d39]" started-at="2022-01-31T20:48:05 IST" name="addNewAddressBTN" finished-at="2022-01-31T20:48:07 IST" duration-ms="2924" status="PASS">
          <reporter-output>
          </reporter-output>
        </test-method> <!-- addNewAddressBTN -->
        <test-method signature="verifyChangePassword()[pri:7, instance:com.bridgelabz.test.BookSwagonTestForPositiveScenario@25641d39]" started-at="2022-01-31T20:48:07 IST" name="verifyChangePassword" finished-at="2022-01-31T20:48:10 IST" duration-ms="2879" status="PASS">
          <reporter-output>
          </reporter-output>
        </test-method> <!-- verifyChangePassword -->
        <test-method signature="newArrivalPage()[pri:8, instance:com.bridgelabz.test.BookSwagonTestForPositiveScenario@25641d39]" started-at="2022-01-31T20:48:10 IST" name="newArrivalPage" finished-at="2022-01-31T20:48:15 IST" duration-ms="4635" status="PASS">
          <reporter-output>
          </reporter-output>
        </test-method> <!-- newArrivalPage -->
        <test-method signature="preOrderPage()[pri:9, instance:com.bridgelabz.test.BookSwagonTestForPositiveScenario@25641d39]" started-at="2022-01-31T20:48:15 IST" name="preOrderPage" finished-at="2022-01-31T20:48:18 IST" duration-ms="3039" status="PASS">
          <reporter-output>
          </reporter-output>
        </test-method> <!-- preOrderPage -->
        <test-method signature="textBookPage()[pri:10, instance:com.bridgelabz.test.BookSwagonTestForPositiveScenario@25641d39]" started-at="2022-01-31T20:48:18 IST" name="textBookPage" finished-at="2022-01-31T20:48:21 IST" duration-ms="2874" status="PASS">
          <reporter-output>
          </reporter-output>
        </test-method> <!-- textBookPage -->
        <test-method signature="awardWinnerPage()[pri:11, instance:com.bridgelabz.test.BookSwagonTestForPositiveScenario@25641d39]" started-at="2022-01-31T20:48:21 IST" name="awardWinnerPage" finished-at="2022-01-31T20:48:25 IST" duration-ms="3781" status="PASS">
          <reporter-output>
          </reporter-output>
        </test-method> <!-- awardWinnerPage -->
        <test-method signature="featuredAuthorsPage()[pri:12, instance:com.bridgelabz.test.BookSwagonTestForPositiveScenario@25641d39]" started-at="2022-01-31T20:48:25 IST" name="featuredAuthorsPage" finished-at="2022-01-31T20:48:28 IST" duration-ms="3301" status="PASS">
          <reporter-output>
          </reporter-output>
        </test-method> <!-- featuredAuthorsPage -->
        <test-method signature="bestSellerPage()[pri:13, instance:com.bridgelabz.test.BookSwagonTestForPositiveScenario@25641d39]" started-at="2022-01-31T20:48:28 IST" name="bestSellerPage" finished-at="2022-01-31T20:48:32 IST" duration-ms="4386" status="PASS">
          <reporter-output>
          </reporter-output>
        </test-method> <!-- bestSellerPage -->
        <test-method signature="searchListofBooks()[pri:16, instance:com.bridgelabz.test.BookSwagonTestForPositiveScenario@25641d39]" started-at="2022-01-31T20:48:32 IST" name="searchListofBooks" finished-at="2022-01-31T20:48:38 IST" duration-ms="5432" status="PASS">
          <reporter-output>
          </reporter-output>
        </test-method> <!-- searchListofBooks -->
        <test-method signature="toSearchBook()[pri:17, instance:com.bridgelabz.test.BookSwagonTestForPositiveScenario@25641d39]" started-at="2022-01-31T20:48:38 IST" name="toSearchBook" finished-at="2022-01-31T20:48:39 IST" duration-ms="1532" status="PASS">
          <reporter-output>
          </reporter-output>
        </test-method> <!-- toSearchBook -->
        <test-method signature="addItemToCart()[pri:18, instance:com.bridgelabz.test.BookSwagonTestForPositiveScenario@25641d39]" started-at="2022-01-31T20:48:39 IST" name="addItemToCart" finished-at="2022-01-31T20:48:42 IST" duration-ms="2758" status="PASS">
          <reporter-output>
          </reporter-output>
        </test-method> <!-- addItemToCart -->
        <test-method signature="removeItemFromCart()[pri:19, instance:com.bridgelabz.test.BookSwagonTestForPositiveScenario@25641d39]" started-at="2022-01-31T20:48:42 IST" name="removeItemFromCart" finished-at="2022-01-31T20:48:46 IST" duration-ms="4003" status="PASS">
          <reporter-output>
          </reporter-output>
        </test-method> <!-- removeItemFromCart -->
        <test-method signature="placeOrder()[pri:20, instance:com.bridgelabz.test.BookSwagonTestForPositiveScenario@25641d39]" started-at="2022-01-31T20:48:46 IST" name="placeOrder" finished-at="2022-01-31T20:48:47 IST" duration-ms="661" status="PASS">
          <reporter-output>
          </reporter-output>
        </test-method> <!-- placeOrder -->
        <test-method signature="logoutAction()[pri:21, instance:com.bridgelabz.test.BookSwagonTestForPositiveScenario@25641d39]" started-at="2022-01-31T20:48:47 IST" name="logoutAction" finished-at="2022-01-31T20:48:50 IST" duration-ms="2845" status="PASS">
          <reporter-output>
          </reporter-output>
        </test-method> <!-- logoutAction -->
        <test-method is-config="true" signature="tearDown()[pri:0, instance:com.bridgelabz.test.BookSwagonTestForPositiveScenario@25641d39]" started-at="2022-01-31T20:48:50 IST" name="tearDown" finished-at="2022-01-31T20:48:50 IST" duration-ms="389" status="PASS">
          <reporter-output>
          </reporter-output>
        </test-method> <!-- tearDown -->
      </class> <!-- com.bridgelabz.test.BookSwagonTestForPositiveScenario -->
    </test> <!-- Default test -->
  </suite> <!-- Default suite -->
</testng-results>
